android/app/build/outputs/logs/manifest-merger-debug-report.txt
-- Merging decision tree log ---
manifest
ADDED from src/main/AndroidManifest.xml:1:1-41:12
INJECTED from src/main/AndroidManifest.xml:1:1-41:12
INJECTED from src/main/AndroidManifest.xml:1:1-41:12
INJECTED from src/main/AndroidManifest.xml:1:1-41:12
MERGED from src/main/AndroidManifest.xml:1:1-41:12
MERGED from [:terra_flutter] AndroidManifest.xml:2:1-7:12
MERGED from [:payment_flutter] AndroidManifest.xml:2:1-7:12
MERGED from [:apollo_flutter] AndroidManifest.xml:2:1-7:12
MERGED from [vn.teko.apollo:terra-apollo:2.1.0] AndroidManifest.xml:2:1-9:12
MERGED from [vn.teko.android.payment:payment-ui:2.0.0-alpha.2-SNAPSHOT] AndroidManifest.xml:2:1-67:12
MERGED from [vn.teko.android.payment:payment-manager-v2:2.1.0-alpha5] AndroidManifest.xml:2:1-9:12
MERGED from [vn.teko.loyalty:loyalty-component:1.1.0-alpha1] AndroidManifest.xml:2:1-16:12
MERGED from [vn.teko.loyalty:loyalty-tracking:1.0.1] AndroidManifest.xml:2:1-9:12
MERGED from [vn.teko.android.tracker:tracker-manager:2.2.1] AndroidManifest.xml:2:1-9:12
MERGED from [vn.teko.terra:terra-js-bridge:1.1.2-alpha1] AndroidManifest.xml:2:1-9:12
MERGED from [vn.teko.android.payment:payment-core-v2:2.3.0-alpha.5-SNAPSHOT] AndroidManifest.xml:2:1-9:12
MERGED from [vn.teko.android.payment:payment-cart-connector:0.0.3] AndroidManifest.xml:2:1-9:12
MERGED from [vn.teko.terra:terra-core-android:1.0.2] AndroidManifest.xml:2:1-9:12
MERGED from [vn.teko.apollo:apollo:2.6.0] AndroidManifest.xml:2:1-17:12
MERGED from [vn.teko.android.core:ui:1.1.0-alpha1] AndroidManifest.xml:2:1-9:12
MERGED from [vn.teko.android.core:framework:1.0.0] AndroidManifest.xml:2:1-9:12
MERGED from [vn.teko.android.core:logging:1.0.0] AndroidManifest.xml:2:1-9:12
MERGED from [vn.teko.android.core:data:1.0.0] AndroidManifest.xml:2:1-9:12
MERGED from [vn.teko.android.core:skeleton:1.0.0] AndroidManifest.xml:2:1-9:12
MERGED from [vn.teko.android.core:util-android:1.0.0] AndroidManifest.xml:2:1-12:12
MERGED from [vn.teko.android.tracker:tracker-core:2.6.0] AndroidManifest.xml:2:1-12:12
MERGED from [vn.teko.terra:js-bridge-core:1.0.0] AndroidManifest.xml:2:1-9:12
MERGED from [vn.teko.android.tracker:tracker-event:2.5.0-alpha1] AndroidManifest.xml:2:1-9:12
MERGED from [vn.teko.android.tracker:tracker-util:2.1.4] AndroidManifest.xml:2:1-9:12
MERGED from [androidx.databinding:databinding-adapters:7.0.2] AndroidManifest.xml:17:1-22:12
MERGED from [androidx.databinding:databinding-ktx:7.0.2] AndroidManifest.xml:17:1-22:12
MERGED from [androidx.databinding:databinding-runtime:7.0.2] AndroidManifest.xml:17:1-22:12
MERGED from [com.otaliastudios:cameraview:2.7.1] AndroidManifest.xml:2:1-34:12
MERGED from [vn.teko.android.core:qr-generator:0.0.1-alpha1] AndroidManifest.xml:2:1-9:12
MERGED from [com.otaliastudios.opengl:egloo:0.6.1] AndroidManifest.xml:2:1-11:12
MERGED from [vn.teko.android.payment:observer-firebase-v2:1.11.0-alpha1] AndroidManifest.xml:2:1-9:12
MERGED from [androidx.room:room-ktx:2.3.0] AndroidManifest.xml:17:1-24:12
MERGED from [androidx.paging:paging-runtime-ktx:3.0.0] AndroidManifest.xml:17:1-24:12
MERGED from [androidx.paging:paging-runtime:3.0.0] AndroidManifest.xml:17:1-24:12
MERGED from [androidx.navigation:navigation-fragment-ktx:2.4.0-rc01] AndroidManifest.xml:17:1-24:12
MERGED from [androidx.navigation:navigation-fragment:2.4.0-rc01] AndroidManifest.xml:17:1-24:12
MERGED from [androidx.fragment:fragment-ktx:1.4.0] AndroidManifest.xml:17:1-24:12
MERGED from [androidx.navigation:navigation-ui-ktx:2.4.0-rc01] AndroidManifest.xml:17:1-24:12
MERGED from [androidx.navigation:navigation-runtime-ktx:2.4.0-rc01] AndroidManifest.xml:17:1-24:12
MERGED from [androidx.navigation:navigation-ui:2.4.0-rc01] AndroidManifest.xml:17:1-24:12
MERGED from [androidx.navigation:navigation-runtime:2.4.0-rc01] AndroidManifest.xml:17:1-24:12
MERGED from [androidx.activity:activity-ktx:1.2.3] AndroidManifest.xml:17:1-24:12
MERGED from [androidx.navigation:navigation-common-ktx:2.4.0-rc01] AndroidManifest.xml:17:1-24:12
MERGED from [androidx.navigation:navigation-common:2.4.0-rc01] AndroidManifest.xml:17:1-24:12
MERGED from [androidx.lifecycle:lifecycle-viewmodel-ktx:2.4.0] AndroidManifest.xml:17:1-24:12
MERGED from [androidx.work:work-runtime-ktx:2.3.4] AndroidManifest.xml:17:1-24:12
MERGED from [androidx.slidingpanelayout:slidingpanelayout:1.2.0-rc01] AndroidManifest.xml:17:1-24:12
MERGED from [androidx.window:window:1.0.0-rc01] AndroidManifest.xml:17:1-33:12
MERGED from [androidx.lifecycle:lifecycle-runtime-ktx:2.4.0-alpha01] AndroidManifest.xml:17:1-24:12
MERGED from [androidx.lifecycle:lifecycle-livedata-ktx:2.4.0] AndroidManifest.xml:17:1-24:12
MERGED from [vn.teko.loyalty:loyalty-model:2.1.0-alpha1] AndroidManifest.xml:2:1-9:12
MERGED from [com.google.firebase:firebase-firestore-ktx:22.0.0] AndroidManifest.xml:2:1-21:12
MERGED from [com.google.firebase:firebase-common-ktx:19.3.1] AndroidManifest.xml:2:1-21:12
MERGED from [androidx.databinding:viewbinding:7.0.2] AndroidManifest.xml:17:1-22:12
MERGED from [androidx.lifecycle:lifecycle-extensions:2.2.0] AndroidManifest.xml:17:1-27:12
MERGED from [com.google.dagger:dagger-android-support:2.34] AndroidManifest.xml:17:1-22:12
MERGED from [com.google.android.material:material:1.4.0-beta01] AndroidManifest.xml:17:1-24:12
MERGED from [androidx.constraintlayout:constraintlayout:2.1.0] AndroidManifest.xml:2:1-11:12
MERGED from [androidx.appcompat:appcompat:1.3.1] AndroidManifest.xml:17:1-24:12
MERGED from [androidx.work:work-runtime:2.3.4] AndroidManifest.xml:17:1-132:12
MERGED from [androidx.lifecycle:lifecycle-service:2.2.0] AndroidManifest.xml:17:1-24:12
MERGED from [com.github.bumptech.glide:glide:4.11.0] AndroidManifest.xml:2:1-12:12
MERGED from [com.google.mlkit:barcode-scanning:17.0.0] AndroidManifest.xml:2:1-7:12
MERGED from [com.google.android.gms:play-services-mlkit-barcode-scanning:16.2.1] AndroidManifest.xml:2:1-18:12
MERGED from [com.google.mlkit:vision-common:16.5.0] AndroidManifest.xml:2:1-18:12
MERGED from [com.google.mlkit:common:17.3.0] AndroidManifest.xml:2:1-26:12
MERGED from [com.google.firebase:firebase-firestore:22.0.0] AndroidManifest.xml:2:1-26:12
MERGED from [com.google.firebase:firebase-auth-interop:18.0.0] AndroidManifest.xml:2:1-10:12
MERGED from [com.google.firebase:firebase-database-collection:17.0.1] AndroidManifest.xml:2:1-9:12
MERGED from [com.google.android.gms:play-services-base:17.6.0] AndroidManifest.xml:17:1-29:12
MERGED from [com.google.firebase:firebase-common:19.3.1] AndroidManifest.xml:15:1-40:12
MERGED from [com.google.android.gms:play-services-tasks:17.2.1] AndroidManifest.xml:2:1-9:12
MERGED from [com.google.android.gms:play-services-basement:17.6.0] AndroidManifest.xml:17:1-28:12
MERGED from [androidx.viewpager2:viewpager2:1.0.0] AndroidManifest.xml:17:1-24:12
MERGED from [androidx.fragment:fragment:1.4.0] AndroidManifest.xml:17:1-24:12
MERGED from [androidx.core:core-ktx:1.2.0] AndroidManifest.xml:2:1-9:12
MERGED from [androidx.swiperefreshlayout:swiperefreshlayout:1.0.0] AndroidManifest.xml:17:1-22:12
MERGED from [androidx.drawerlayout:drawerlayout:1.1.1] AndroidManifest.xml:17:1-24:12
MERGED from [androidx.recyclerview:recyclerview:1.2.0] AndroidManifest.xml:17:1-24:12
MERGED from [androidx.coordinatorlayout:coordinatorlayout:1.1.0] AndroidManifest.xml:17:1-24:12
MERGED from [androidx.viewpager:viewpager:1.0.0] AndroidManifest.xml:17:1-22:12
MERGED from [androidx.customview:customview:1.1.0] AndroidManifest.xml:17:1-24:12
MERGED from [androidx.activity:activity:1.2.4] AndroidManifest.xml:17:1-24:12
MERGED from [androidx.appcompat:appcompat-resources:1.3.1] AndroidManifest.xml:17:1-24:12
MERGED from [androidx.transition:transition:1.4.1] AndroidManifest.xml:17:1-24:12
MERGED from [androidx.vectordrawable:vectordrawable-animated:1.1.0] AndroidManifest.xml:17:1-24:12
MERGED from [androidx.vectordrawable:vectordrawable:1.1.0] AndroidManifest.xml:17:1-24:12
MERGED from [androidx.dynamicanimation:dynamicanimation:1.0.0] AndroidManifest.xml:17:1-22:12
MERGED from [androidx.legacy:legacy-support-core-utils:1.0.0] AndroidManifest.xml:17:1-22:12
MERGED from [androidx.loader:loader:1.0.0] AndroidManifest.xml:17:1-22:12
MERGED from [androidx.core:core:1.5.0] AndroidManifest.xml:17:1-26:12
MERGED from [androidx.lifecycle:lifecycle-process:2.4.0-alpha01] AndroidManifest.xml:17:1-37:12
MERGED from [androidx.lifecycle:lifecycle-runtime:2.4.0-alpha01] AndroidManifest.xml:17:1-24:12
MERGED from [androidx.versionedparcelable:versionedparcelable:1.1.1] AndroidManifest.xml:17:1-27:12
MERGED from [androidx.lifecycle:lifecycle-viewmodel-savedstate:2.3.1] AndroidManifest.xml:17:1-24:12
MERGED from [androidx.lifecycle:lifecycle-viewmodel:2.4.0] AndroidManifest.xml:17:1-24:12
MERGED from [androidx.lifecycle:lifecycle-livedata-core-ktx:2.4.0] AndroidManifest.xml:17:1-24:12
MERGED from [androidx.savedstate:savedstate-ktx:1.1.0] AndroidManifest.xml:17:1-24:12
MERGED from [androidx.savedstate:savedstate:1.1.0] AndroidManifest.xml:17:1-24:12
MERGED from [androidx.lifecycle:lifecycle-livedata:2.4.0] AndroidManifest.xml:17:1-24:12
MERGED from [androidx.lifecycle:lifecycle-livedata-core:2.4.0] AndroidManifest.xml:17:1-24:12
MERGED from [androidx.localbroadcastmanager:localbroadcastmanager:1.0.0] AndroidManifest.xml:17:1-22:12
MERGED from [androidx.room:room-runtime:2.3.0] AndroidManifest.xml:17:1-31:12
MERGED from [androidx.arch.core:core-runtime:2.1.0] AndroidManifest.xml:17:1-24:12
MERGED from [androidx.sqlite:sqlite-framework:2.1.0] AndroidManifest.xml:17:1-24:12
MERGED from [androidx.sqlite:sqlite:2.1.0] AndroidManifest.xml:17:1-24:12
MERGED from [com.github.bumptech.glide:gifdecoder:4.11.0] AndroidManifest.xml:2:1-11:12
MERGED from [androidx.exifinterface:exifinterface:1.3.2] AndroidManifest.xml:17:1-24:12
MERGED from [com.google.dagger:dagger-android:2.34] AndroidManifest.xml:17:1-22:12
MERGED from [androidx.cursoradapter:cursoradapter:1.0.0] AndroidManifest.xml:17:1-22:12
MERGED from [androidx.interpolator:interpolator:1.0.0] AndroidManifest.xml:17:1-22:12
MERGED from [androidx.cardview:cardview:1.0.0] AndroidManifest.xml:17:1-22:12
MERGED from [androidx.startup:startup-runtime:1.0.0] AndroidManifest.xml:17:1-33:12
MERGED from [androidx.tracing:tracing:1.0.0] AndroidManifest.xml:17:1-24:12
MERGED from [com.google.android.datatransport:transport-backend-cct:2.3.3] AndroidManifest.xml:15:1-38:12
MERGED from [com.google.firebase:firebase-encoders-json:17.1.0] AndroidManifest.xml:15:1-23:12
MERGED from [com.google.android.datatransport:transport-runtime:2.2.6] AndroidManifest.xml:15:1-41:12
MERGED from [com.google.android.datatransport:transport-api:2.2.1] AndroidManifest.xml:15:1-22:12
MERGED from [com.google.firebase:firebase-components:16.1.0] AndroidManifest.xml:15:1-23:12
MERGED from [androidx.documentfile:documentfile:1.0.0] AndroidManifest.xml:17:1-22:12
MERGED from [androidx.print:print:1.0.0] AndroidManifest.xml:17:1-22:12
MERGED from [com.jakewharton.timber:timber:4.7.1] AndroidManifest.xml:2:1-9:12
MERGED from [androidx.annotation:annotation-experimental:1.1.0] AndroidManifest.xml:17:1-24:12
MERGED from [io.grpc:grpc-android:1.28.0] AndroidManifest.xml:2:1-13:12
MERGED from [androidx.multidex:multidex:2.0.1] AndroidManifest.xml:17:1-22:12
MERGED from [io.supercharge:shimmerlayout:2.1.0] AndroidManifest.xml:2:1-14:12
MERGED from [com.google.dagger:dagger-lint-aar:2.34] AndroidManifest.xml:16:1-19:12
MERGED from [com.google.android.odml:image:1.0.0-beta1] AndroidManifest.xml:2:1-9:12
MERGED from [com.google.firebase:protolite-well-known-types:17.1.0] AndroidManifest.xml:2:1-11:12
INJECTED from src/debug/AndroidManifest.xml:1:1-7:12
INJECTED from src/debug/AndroidManifest.xml:1:1-7:12
INJECTED from src/debug/AndroidManifest.xml:1:1-7:12
	package
		ADDED from src/main/AndroidManifest.xml:2:5-44
		INJECTED from src/main/AndroidManifest.xml
		INJECTED from src/debug/AndroidManifest.xml
	android:versionName
		INJECTED from src/main/AndroidManifest.xml
		ADDED from src/main/AndroidManifest.xml:1:1-41:12
		INJECTED from src/debug/AndroidManifest.xml
	android:versionCode
		INJECTED from src/main/AndroidManifest.xml
		ADDED from src/main/AndroidManifest.xml:1:1-41:12
		INJECTED from src/debug/AndroidManifest.xml
	xmlns:android
		ADDED from src/main/AndroidManifest.xml:1:11-69
application
ADDED from src/main/AndroidManifest.xml:3:4-40:19
MERGED from [vn.teko.android.payment:payment-ui:2.0.0-alpha.2-SNAPSHOT] AndroidManifest.xml:18:5-65:19
MERGED from [vn.teko.android.payment:payment-ui:2.0.0-alpha.2-SNAPSHOT] AndroidManifest.xml:18:5-65:19
MERGED from [vn.teko.loyalty:loyalty-component:1.1.0-alpha1] AndroidManifest.xml:9:5-14:19
MERGED from [vn.teko.loyalty:loyalty-component:1.1.0-alpha1] AndroidManifest.xml:9:5-14:19
MERGED from [vn.teko.apollo:apollo:2.6.0] AndroidManifest.xml:11:5-15:19
MERGED from [vn.teko.apollo:apollo:2.6.0] AndroidManifest.xml:11:5-15:19
MERGED from [com.otaliastudios:cameraview:2.7.1] AndroidManifest.xml:32:5-20
MERGED from [com.otaliastudios:cameraview:2.7.1] AndroidManifest.xml:32:5-20
MERGED from [com.otaliastudios.opengl:egloo:0.6.1] AndroidManifest.xml:9:5-20
MERGED from [com.otaliastudios.opengl:egloo:0.6.1] AndroidManifest.xml:9:5-20
MERGED from [androidx.window:window:1.0.0-rc01] AndroidManifest.xml:24:5-31:19
MERGED from [androidx.window:window:1.0.0-rc01] AndroidManifest.xml:24:5-31:19
MERGED from [com.google.firebase:firebase-firestore-ktx:22.0.0] AndroidManifest.xml:11:5-19:19
MERGED from [com.google.firebase:firebase-firestore-ktx:22.0.0] AndroidManifest.xml:11:5-19:19
MERGED from [com.google.firebase:firebase-common-ktx:19.3.1] AndroidManifest.xml:11:5-19:19
MERGED from [com.google.firebase:firebase-common-ktx:19.3.1] AndroidManifest.xml:11:5-19:19
MERGED from [androidx.lifecycle:lifecycle-extensions:2.2.0] AndroidManifest.xml:24:5-25:19
MERGED from [androidx.lifecycle:lifecycle-extensions:2.2.0] AndroidManifest.xml:24:5-25:19
MERGED from [com.google.android.material:material:1.4.0-beta01] AndroidManifest.xml:22:5-20
MERGED from [com.google.android.material:material:1.4.0-beta01] AndroidManifest.xml:22:5-20
MERGED from [androidx.constraintlayout:constraintlayout:2.1.0] AndroidManifest.xml:9:5-20
MERGED from [androidx.constraintlayout:constraintlayout:2.1.0] AndroidManifest.xml:9:5-20
MERGED from [androidx.work:work-runtime:2.3.4] AndroidManifest.xml:30:5-130:19
MERGED from [androidx.work:work-runtime:2.3.4] AndroidManifest.xml:30:5-130:19
MERGED from [com.github.bumptech.glide:glide:4.11.0] AndroidManifest.xml:10:5-20
MERGED from [com.github.bumptech.glide:glide:4.11.0] AndroidManifest.xml:10:5-20
MERGED from [com.google.android.gms:play-services-mlkit-barcode-scanning:16.2.1] AndroidManifest.xml:8:5-16:19
MERGED from [com.google.android.gms:play-services-mlkit-barcode-scanning:16.2.1] AndroidManifest.xml:8:5-16:19
MERGED from [com.google.mlkit:vision-common:16.5.0] AndroidManifest.xml:8:5-16:19
MERGED from [com.google.mlkit:vision-common:16.5.0] AndroidManifest.xml:8:5-16:19
MERGED from [com.google.mlkit:common:17.3.0] AndroidManifest.xml:8:5-24:19
MERGED from [com.google.mlkit:common:17.3.0] AndroidManifest.xml:8:5-24:19
MERGED from [com.google.firebase:firebase-firestore:22.0.0] AndroidManifest.xml:16:5-24:19
MERGED from [com.google.firebase:firebase-firestore:22.0.0] AndroidManifest.xml:16:5-24:19
MERGED from [com.google.firebase:firebase-auth-interop:18.0.0] AndroidManifest.xml:7:5-8:19
MERGED from [com.google.firebase:firebase-auth-interop:18.0.0] AndroidManifest.xml:7:5-8:19
MERGED from [com.google.android.gms:play-services-base:17.6.0] AndroidManifest.xml:22:5-27:19
MERGED from [com.google.android.gms:play-services-base:17.6.0] AndroidManifest.xml:22:5-27:19
MERGED from [com.google.firebase:firebase-common:19.3.1] AndroidManifest.xml:25:5-38:19
MERGED from [com.google.firebase:firebase-common:19.3.1] AndroidManifest.xml:25:5-38:19
MERGED from [com.google.android.gms:play-services-tasks:17.2.1] AndroidManifest.xml:7:5-20
MERGED from [com.google.android.gms:play-services-tasks:17.2.1] AndroidManifest.xml:7:5-20
MERGED from [com.google.android.gms:play-services-basement:17.6.0] AndroidManifest.xml:22:5-26:19
MERGED from [com.google.android.gms:play-services-basement:17.6.0] AndroidManifest.xml:22:5-26:19
MERGED from [androidx.core:core:1.5.0] AndroidManifest.xml:24:5-89
MERGED from [androidx.core:core:1.5.0] AndroidManifest.xml:24:5-89
MERGED from [androidx.lifecycle:lifecycle-process:2.4.0-alpha01] AndroidManifest.xml:25:5-35:19
MERGED from [androidx.lifecycle:lifecycle-process:2.4.0-alpha01] AndroidManifest.xml:25:5-35:19
MERGED from [androidx.versionedparcelable:versionedparcelable:1.1.1] AndroidManifest.xml:24:5-25:19
MERGED from [androidx.versionedparcelable:versionedparcelable:1.1.1] AndroidManifest.xml:24:5-25:19
MERGED from [androidx.room:room-runtime:2.3.0] AndroidManifest.xml:24:5-29:19
MERGED from [androidx.room:room-runtime:2.3.0] AndroidManifest.xml:24:5-29:19
MERGED from [com.github.bumptech.glide:gifdecoder:4.11.0] AndroidManifest.xml:9:5-20
MERGED from [com.github.bumptech.glide:gifdecoder:4.11.0] AndroidManifest.xml:9:5-20
MERGED from [androidx.startup:startup-runtime:1.0.0] AndroidManifest.xml:25:5-31:19
MERGED from [androidx.startup:startup-runtime:1.0.0] AndroidManifest.xml:25:5-31:19
MERGED from [com.google.android.datatransport:transport-backend-cct:2.3.3] AndroidManifest.xml:28:5-36:19
MERGED from [com.google.android.datatransport:transport-backend-cct:2.3.3] AndroidManifest.xml:28:5-36:19
MERGED from [com.google.android.datatransport:transport-runtime:2.2.6] AndroidManifest.xml:25:5-39:19
MERGED from [com.google.android.datatransport:transport-runtime:2.2.6] AndroidManifest.xml:25:5-39:19
MERGED from [com.jakewharton.timber:timber:4.7.1] AndroidManifest.xml:7:5-20
MERGED from [com.jakewharton.timber:timber:4.7.1] AndroidManifest.xml:7:5-20
MERGED from [io.supercharge:shimmerlayout:2.1.0] AndroidManifest.xml:12:5-20
MERGED from [io.supercharge:shimmerlayout:2.1.0] AndroidManifest.xml:12:5-20
MERGED from [com.google.android.odml:image:1.0.0-beta1] AndroidManifest.xml:7:5-20
MERGED from [com.google.android.odml:image:1.0.0-beta1] AndroidManifest.xml:7:5-20
	android:requestLegacyExternalStorage
		ADDED from [vn.teko.android.payment:payment-ui:2.0.0-alpha.2-SNAPSHOT] AndroidManifest.xml:18:18-61
	android:appComponentFactory
		ADDED from [androidx.core:core:1.5.0] AndroidManifest.xml:24:18-86
	android:label
		ADDED from src/main/AndroidManifest.xml:4:9-42
	android:icon
		ADDED from src/main/AndroidManifest.xml:5:9-43
activity#com.example.test_terra_plugin.MainActivity
ADDED from src/main/AndroidManifest.xml:6:9-34:20
	android:launchMode
		ADDED from src/main/AndroidManifest.xml:8:13-43
	android:hardwareAccelerated
		ADDED from src/main/AndroidManifest.xml:11:13-47
	android:windowSoftInputMode
		ADDED from src/main/AndroidManifest.xml:12:13-55
	android:configChanges
		ADDED from src/main/AndroidManifest.xml:10:13-163
	android:theme
		ADDED from src/main/AndroidManifest.xml:9:13-47
	android:name
		ADDED from src/main/AndroidManifest.xml:7:13-41
meta-data#io.flutter.embedding.android.NormalTheme
ADDED from src/main/AndroidManifest.xml:17:13-20:17
	android:resource
		ADDED from src/main/AndroidManifest.xml:19:15-52
	android:name
		ADDED from src/main/AndroidManifest.xml:18:15-70
meta-data#io.flutter.embedding.android.SplashScreenDrawable
ADDED from src/main/AndroidManifest.xml:26:13-29:17
	android:resource
		ADDED from src/main/AndroidManifest.xml:28:15-61
	android:name
		ADDED from src/main/AndroidManifest.xml:27:15-79
intent-filter#action:name:android.intent.action.MAIN+category:name:android.intent.category.LAUNCHER
ADDED from src/main/AndroidManifest.xml:30:13-33:29
action#android.intent.action.MAIN
ADDED from src/main/AndroidManifest.xml:31:17-68
	android:name
		ADDED from src/main/AndroidManifest.xml:31:25-66
category#android.intent.category.LAUNCHER
ADDED from src/main/AndroidManifest.xml:32:17-76
	android:name
		ADDED from src/main/AndroidManifest.xml:32:27-74
meta-data#flutterEmbedding
ADDED from src/main/AndroidManifest.xml:37:9-39:33
	android:value
		ADDED from src/main/AndroidManifest.xml:39:13-30
	android:name
		ADDED from src/main/AndroidManifest.xml:38:13-44
uses-sdk
INJECTED from src/main/AndroidManifest.xml reason: use-sdk injection requested
INJECTED from src/main/AndroidManifest.xml
INJECTED from src/main/AndroidManifest.xml
MERGED from [:terra_flutter] AndroidManifest.xml:5:5-44
MERGED from [:terra_flutter] AndroidManifest.xml:5:5-44
MERGED from [:payment_flutter] AndroidManifest.xml:5:5-44
MERGED from [:payment_flutter] AndroidManifest.xml:5:5-44
MERGED from [:apollo_flutter] AndroidManifest.xml:5:5-44
MERGED from [:apollo_flutter] AndroidManifest.xml:5:5-44
MERGED from [vn.teko.apollo:terra-apollo:2.1.0] AndroidManifest.xml:5:5-7:41
MERGED from [vn.teko.apollo:terra-apollo:2.1.0] AndroidManifest.xml:5:5-7:41
MERGED from [vn.teko.android.payment:payment-ui:2.0.0-alpha.2-SNAPSHOT] AndroidManifest.xml:6:5-8:41
MERGED from [vn.teko.android.payment:payment-ui:2.0.0-alpha.2-SNAPSHOT] AndroidManifest.xml:6:5-8:41
MERGED from [vn.teko.android.payment:payment-manager-v2:2.1.0-alpha5] AndroidManifest.xml:5:5-7:41
MERGED from [vn.teko.android.payment:payment-manager-v2:2.1.0-alpha5] AndroidManifest.xml:5:5-7:41
MERGED from [vn.teko.loyalty:loyalty-component:1.1.0-alpha1] AndroidManifest.xml:5:5-7:41
MERGED from [vn.teko.loyalty:loyalty-component:1.1.0-alpha1] AndroidManifest.xml:5:5-7:41
MERGED from [vn.teko.loyalty:loyalty-tracking:1.0.1] AndroidManifest.xml:5:5-7:41
MERGED from [vn.teko.loyalty:loyalty-tracking:1.0.1] AndroidManifest.xml:5:5-7:41
MERGED from [vn.teko.android.tracker:tracker-manager:2.2.1] AndroidManifest.xml:5:5-7:41
MERGED from [vn.teko.android.tracker:tracker-manager:2.2.1] AndroidManifest.xml:5:5-7:41
MERGED from [vn.teko.terra:terra-js-bridge:1.1.2-alpha1] AndroidManifest.xml:5:5-7:41
MERGED from [vn.teko.terra:terra-js-bridge:1.1.2-alpha1] AndroidManifest.xml:5:5-7:41
MERGED from [vn.teko.android.payment:payment-core-v2:2.3.0-alpha.5-SNAPSHOT] AndroidManifest.xml:5:5-7:41
MERGED from [vn.teko.android.payment:payment-core-v2:2.3.0-alpha.5-SNAPSHOT] AndroidManifest.xml:5:5-7:41
MERGED from [vn.teko.android.payment:payment-cart-connector:0.0.3] AndroidManifest.xml:5:5-7:41
MERGED from [vn.teko.android.payment:payment-cart-connector:0.0.3] AndroidManifest.xml:5:5-7:41
MERGED from [vn.teko.terra:terra-core-android:1.0.2] AndroidManifest.xml:5:5-7:41
MERGED from [vn.teko.terra:terra-core-android:1.0.2] AndroidManifest.xml:5:5-7:41
MERGED from [vn.teko.apollo:apollo:2.6.0] AndroidManifest.xml:5:5-7:41
MERGED from [vn.teko.apollo:apollo:2.6.0] AndroidManifest.xml:5:5-7:41
MERGED from [vn.teko.android.core:ui:1.1.0-alpha1] AndroidManifest.xml:5:5-7:41
MERGED from [vn.teko.android.core:ui:1.1.0-alpha1] AndroidManifest.xml:5:5-7:41
MERGED from [vn.teko.android.core:framework:1.0.0] AndroidManifest.xml:5:5-7:41
MERGED from [vn.teko.android.core:framework:1.0.0] AndroidManifest.xml:5:5-7:41
MERGED from [vn.teko.android.core:logging:1.0.0] AndroidManifest.xml:5:5-7:41
MERGED from [vn.teko.android.core:logging:1.0.0] AndroidManifest.xml:5:5-7:41
MERGED from [vn.teko.android.core:data:1.0.0] AndroidManifest.xml:5:5-7:41
MERGED from [vn.teko.android.core:data:1.0.0] AndroidManifest.xml:5:5-7:41
MERGED from [vn.teko.android.core:skeleton:1.0.0] AndroidManifest.xml:5:5-7:41
MERGED from [vn.teko.android.core:skeleton:1.0.0] AndroidManifest.xml:5:5-7:41
MERGED from [vn.teko.android.core:util-android:1.0.0] AndroidManifest.xml:5:5-7:41
MERGED from [vn.teko.android.core:util-android:1.0.0] AndroidManifest.xml:5:5-7:41
MERGED from [vn.teko.android.tracker:tracker-core:2.6.0] AndroidManifest.xml:5:5-7:41
MERGED from [vn.teko.android.tracker:tracker-core:2.6.0] AndroidManifest.xml:5:5-7:41
MERGED from [vn.teko.terra:js-bridge-core:1.0.0] AndroidManifest.xml:5:5-7:41
MERGED from [vn.teko.terra:js-bridge-core:1.0.0] AndroidManifest.xml:5:5-7:41
MERGED from [vn.teko.android.tracker:tracker-event:2.5.0-alpha1] AndroidManifest.xml:5:5-7:41
MERGED from [vn.teko.android.tracker:tracker-event:2.5.0-alpha1] AndroidManifest.xml:5:5-7:41
MERGED from [vn.teko.android.tracker:tracker-util:2.1.4] AndroidManifest.xml:5:5-7:41
MERGED from [vn.teko.android.tracker:tracker-util:2.1.4] AndroidManifest.xml:5:5-7:41
MERGED from [androidx.databinding:databinding-adapters:7.0.2] AndroidManifest.xml:20:5-44
MERGED from [androidx.databinding:databinding-adapters:7.0.2] AndroidManifest.xml:20:5-44
MERGED from [androidx.databinding:databinding-ktx:7.0.2] AndroidManifest.xml:20:5-44
MERGED from [androidx.databinding:databinding-ktx:7.0.2] AndroidManifest.xml:20:5-44
MERGED from [androidx.databinding:databinding-runtime:7.0.2] AndroidManifest.xml:20:5-44
MERGED from [androidx.databinding:databinding-runtime:7.0.2] AndroidManifest.xml:20:5-44
MERGED from [com.otaliastudios:cameraview:2.7.1] AndroidManifest.xml:6:5-9:60
MERGED from [com.otaliastudios:cameraview:2.7.1] AndroidManifest.xml:6:5-9:60
MERGED from [vn.teko.android.core:qr-generator:0.0.1-alpha1] AndroidManifest.xml:5:5-7:41
MERGED from [vn.teko.android.core:qr-generator:0.0.1-alpha1] AndroidManifest.xml:5:5-7:41
MERGED from [com.otaliastudios.opengl:egloo:0.6.1] AndroidManifest.xml:5:5-7:41
MERGED from [com.otaliastudios.opengl:egloo:0.6.1] AndroidManifest.xml:5:5-7:41
MERGED from [vn.teko.android.payment:observer-firebase-v2:1.11.0-alpha1] AndroidManifest.xml:5:5-7:41
MERGED from [vn.teko.android.payment:observer-firebase-v2:1.11.0-alpha1] AndroidManifest.xml:5:5-7:41
MERGED from [androidx.room:room-ktx:2.3.0] AndroidManifest.xml:20:5-22:41
MERGED from [androidx.room:room-ktx:2.3.0] AndroidManifest.xml:20:5-22:41
MERGED from [androidx.paging:paging-runtime-ktx:3.0.0] AndroidManifest.xml:20:5-22:41
MERGED from [androidx.paging:paging-runtime-ktx:3.0.0] AndroidManifest.xml:20:5-22:41
MERGED from [androidx.paging:paging-runtime:3.0.0] AndroidManifest.xml:20:5-22:41
MERGED from [androidx.paging:paging-runtime:3.0.0] AndroidManifest.xml:20:5-22:41
MERGED from [androidx.navigation:navigation-fragment-ktx:2.4.0-rc01] AndroidManifest.xml:20:5-22:41
MERGED from [androidx.navigation:navigation-fragment-ktx:2.4.0-rc01] AndroidManifest.xml:20:5-22:41
MERGED from [androidx.navigation:navigation-fragment:2.4.0-rc01] AndroidManifest.xml:20:5-22:41
MERGED from [androidx.navigation:navigation-fragment:2.4.0-rc01] AndroidManifest.xml:20:5-22:41
MERGED from [androidx.fragment:fragment-ktx:1.4.0] AndroidManifest.xml:20:5-22:41
MERGED from [androidx.fragment:fragment-ktx:1.4.0] AndroidManifest.xml:20:5-22:41
MERGED from [androidx.navigation:navigation-ui-ktx:2.4.0-rc01] AndroidManifest.xml:20:5-22:41
MERGED from [androidx.navigation:navigation-ui-ktx:2.4.0-rc01] AndroidManifest.xml:20:5-22:41
MERGED from [androidx.navigation:navigation-runtime-ktx:2.4.0-rc01] AndroidManifest.xml:20:5-22:41
MERGED from [androidx.navigation:navigation-runtime-ktx:2.4.0-rc01] AndroidManifest.xml:20:5-22:41
MERGED from [androidx.navigation:navigation-ui:2.4.0-rc01] AndroidManifest.xml:20:5-22:41
MERGED from [androidx.navigation:navigation-ui:2.4.0-rc01] AndroidManifest.xml:20:5-22:41
MERGED from [androidx.navigation:navigation-runtime:2.4.0-rc01] AndroidManifest.xml:20:5-22:41
MERGED from [androidx.navigation:navigation-runtime:2.4.0-rc01] AndroidManifest.xml:20:5-22:41
MERGED from [androidx.activity:activity-ktx:1.2.3] AndroidManifest.xml:20:5-22:41
MERGED from [androidx.activity:activity-ktx:1.2.3] AndroidManifest.xml:20:5-22:41
MERGED from [androidx.navigation:navigation-common-ktx:2.4.0-rc01] AndroidManifest.xml:20:5-22:41
MERGED from [androidx.navigation:navigation-common-ktx:2.4.0-rc01] AndroidManifest.xml:20:5-22:41
MERGED from [androidx.navigation:navigation-common:2.4.0-rc01] AndroidManifest.xml:20:5-22:41
MERGED from [androidx.navigation:navigation-common:2.4.0-rc01] AndroidManifest.xml:20:5-22:41
MERGED from [androidx.lifecycle:lifecycle-viewmodel-ktx:2.4.0] AndroidManifest.xml:20:5-22:41
MERGED from [androidx.lifecycle:lifecycle-viewmodel-ktx:2.4.0] AndroidManifest.xml:20:5-22:41
MERGED from [androidx.work:work-runtime-ktx:2.3.4] AndroidManifest.xml:20:5-22:41
MERGED from [androidx.work:work-runtime-ktx:2.3.4] AndroidManifest.xml:20:5-22:41
MERGED from [androidx.slidingpanelayout:slidingpanelayout:1.2.0-rc01] AndroidManifest.xml:20:5-22:41
MERGED from [androidx.slidingpanelayout:slidingpanelayout:1.2.0-rc01] AndroidManifest.xml:20:5-22:41
MERGED from [androidx.window:window:1.0.0-rc01] AndroidManifest.xml:20:5-22:41
MERGED from [androidx.window:window:1.0.0-rc01] AndroidManifest.xml:20:5-22:41
MERGED from [androidx.lifecycle:lifecycle-runtime-ktx:2.4.0-alpha01] AndroidManifest.xml:20:5-22:41
MERGED from [androidx.lifecycle:lifecycle-runtime-ktx:2.4.0-alpha01] AndroidManifest.xml:20:5-22:41
MERGED from [androidx.lifecycle:lifecycle-livedata-ktx:2.4.0] AndroidManifest.xml:20:5-22:41
MERGED from [androidx.lifecycle:lifecycle-livedata-ktx:2.4.0] AndroidManifest.xml:20:5-22:41
MERGED from [vn.teko.loyalty:loyalty-model:2.1.0-alpha1] AndroidManifest.xml:5:5-7:41
MERGED from [vn.teko.loyalty:loyalty-model:2.1.0-alpha1] AndroidManifest.xml:5:5-7:41
MERGED from [com.google.firebase:firebase-firestore-ktx:22.0.0] AndroidManifest.xml:6:5-8:41
MERGED from [com.google.firebase:firebase-firestore-ktx:22.0.0] AndroidManifest.xml:6:5-8:41
MERGED from [com.google.firebase:firebase-common-ktx:19.3.1] AndroidManifest.xml:6:5-8:41
MERGED from [com.google.firebase:firebase-common-ktx:19.3.1] AndroidManifest.xml:6:5-8:41
MERGED from [androidx.databinding:viewbinding:7.0.2] AndroidManifest.xml:20:5-44
MERGED from [androidx.databinding:viewbinding:7.0.2] AndroidManifest.xml:20:5-44
MERGED from [androidx.lifecycle:lifecycle-extensions:2.2.0] AndroidManifest.xml:20:5-22:41
MERGED from [androidx.lifecycle:lifecycle-extensions:2.2.0] AndroidManifest.xml:20:5-22:41
MERGED from [com.google.dagger:dagger-android-support:2.34] AndroidManifest.xml:20:5-44